<?xml version="1.0" encoding="UTF-8"?>
<!-- Generated by org.testng.reporters.JUnitReportReporter -->
<testsuite hostname="DESKTOP-QRIM448" name="com.revature.selenium.MyWorkoutsTests" tests="3" failures="0" timestamp="5 Sep 2020 20:17:49 GMT" time="0.658" errors="0">
  <testcase name="onHomePage" time="0.074" classname="com.revature.selenium.MyWorkoutsTests"/>
  <testcase name="onMyWorkoutsPage" time="0.475" classname="com.revature.selenium.MyWorkoutsTests"/>
  <testcase name="workoutGenPage" time="0.109" classname="com.revature.selenium.MyWorkoutsTests"/>
</testsuite> <!-- com.revature.selenium.MyWorkoutsTests -->
