<?xml version="1.0" encoding="UTF-8"?>
<!-- Generated by org.testng.reporters.JUnitReportReporter -->
<testsuite hostname="DESKTOP-QRIM448" name="com.revature.selenium.LoginTest" tests="1" failures="0" timestamp="6 Sep 2020 19:31:00 GMT" time="0.509" errors="0">
  <testcase name="loginPage" time="0.509" classname="com.revature.selenium.LoginTest"/>
</testsuite> <!-- com.revature.selenium.LoginTest -->
