<?xml version="1.0" encoding="UTF-8"?>
<!-- Generated by org.testng.reporters.JUnitReportReporter -->
<testsuite hostname="DESKTOP-QRIM448" name="com.revature.selenium.LoginTest" tests="1" failures="0" timestamp="5 Sep 2020 20:26:37 GMT" time="0.472" errors="0">
  <testcase name="loginPage" time="0.472" classname="com.revature.selenium.LoginTest"/>
</testsuite> <!-- com.revature.selenium.LoginTest -->
