<?xml version="1.0" encoding="UTF-8"?>
<!-- Generated by org.testng.reporters.JUnitReportReporter -->
<testsuite hostname="Mitchs-MBP.attlocal.net" name="com.revature.selenium.RegisterTest" tests="1" failures="0" timestamp="5 Sep 2020 21:07:54 GMT" time="1.395" errors="0">
  <testcase name="registerUser" time="1.395" classname="com.revature.selenium.RegisterTest"/>
</testsuite> <!-- com.revature.selenium.RegisterTest -->
