<?xml version="1.0" encoding="UTF-8"?>
<!-- Generated by org.testng.reporters.JUnitReportReporter -->
<testsuite hostname="DESKTOP-QRIM448" name="com.revature.selenium.HomePageTests" tests="3" failures="0" timestamp="5 Sep 2020 20:26:37 GMT" time="0.341" errors="0">
  <testcase name="onMyWorkoutsPage" time="0.142" classname="com.revature.selenium.HomePageTests"/>
  <testcase name="onHomePage" time="0.087" classname="com.revature.selenium.HomePageTests"/>
  <testcase name="workoutGenPage" time="0.112" classname="com.revature.selenium.HomePageTests"/>
</testsuite> <!-- com.revature.selenium.HomePageTests -->
