<?xml version="1.0" encoding="UTF-8"?>
<!-- Generated by org.testng.reporters.JUnitReportReporter -->

<testsuite hostname="DESKTOP-V28FGDA" name="com.revature.selenium.HomePageTests" tests="3" failures="0" timestamp="6 Sep 2020 19:00:13 GMT" time="0.212" errors="0">
  <testcase name="workoutGenPage" time="0.076" classname="com.revature.selenium.HomePageTests"/>
  <testcase name="onHomePage" time="0.055" classname="com.revature.selenium.HomePageTests"/>
  <testcase name="onMyWorkoutsPage" time="0.081" classname="com.revature.selenium.HomePageTests"/>

</testsuite> <!-- com.revature.selenium.HomePageTests -->
