<?xml version="1.0" encoding="UTF-8"?>
<!-- Generated by org.testng.reporters.JUnitReportReporter -->
<testsuite hostname="DESKTOP-V28FGDA" name="com.revature.selenium.MyWorkoutsTests" tests="1" failures="0" timestamp="6 Sep 2020 19:00:13 GMT" time="0.019" errors="0">
  <testcase name="onMyWorkoutsPage" time="0.019" classname="com.revature.selenium.MyWorkoutsTests"/>
</testsuite> <!-- com.revature.selenium.MyWorkoutsTests -->
