<?xml version="1.0" encoding="UTF-8"?>
<!-- Generated by org.testng.reporters.JUnitReportReporter -->
<testsuite hostname="DESKTOP-QRIM448" name="com.revature.selenium.HomePageTests" tests="3" failures="0" timestamp="6 Sep 2020 19:31:00 GMT" time="0.355" errors="0">
  <testcase name="workoutGenPage" time="0.146" classname="com.revature.selenium.HomePageTests"/>
  <testcase name="onHomePage" time="0.094" classname="com.revature.selenium.HomePageTests"/>
  <testcase name="onMyWorkoutsPage" time="0.115" classname="com.revature.selenium.HomePageTests"/>
</testsuite> <!-- com.revature.selenium.HomePageTests -->
