<?xml version="1.0" encoding="UTF-8"?>
<!-- Generated by org.testng.reporters.JUnitReportReporter -->
<testsuite hostname="DESKTOP-V28FGDA" name="com.revature.selenium.LoginTest" tests="1" failures="0" timestamp="5 Sep 2020 19:10:12 GMT" time="0.569" errors="0">
  <testcase name="loginPage" time="0.569" classname="com.revature.selenium.LoginTest"/>
</testsuite> <!-- com.revature.selenium.LoginTest -->
