<?xml version="1.0" encoding="UTF-8"?>
<!-- Generated by org.testng.reporters.JUnitReportReporter -->
<testsuite hostname="Mitchs-MBP.attlocal.net" name="com.revature.selenium.GenerateWorkoutTest" tests="1" failures="0" timestamp="5 Sep 2020 21:34:37 GMT" time="3.451" errors="0">
  <testcase name="generateWorkout" time="3.451" classname="com.revature.selenium.GenerateWorkoutTest"/>
</testsuite> <!-- com.revature.selenium.GenerateWorkoutTest -->
