<?xml version="1.0" encoding="UTF-8"?>
<!-- Generated by org.testng.reporters.JUnitReportReporter -->
<testsuite hostname="DESKTOP-V28FGDA" name="com.revature.selenium.MyWorkoutsTests" tests="1" failures="0" timestamp="5 Sep 2020 19:36:05 GMT" time="0.048" errors="0">
  <testcase name="onMyWorkoutsPage" time="0.048" classname="com.revature.selenium.MyWorkoutsTests"/>
</testsuite> <!-- com.revature.selenium.MyWorkoutsTests -->
